<?xml version="1.0" encoding="UTF-8"?>
<!-- Generated by org.testng.reporters.JUnitReportReporter -->
<testsuite skipped="0" hostname="dell-PC" name="com.ebanking.Testcases.TC_Register_001" tests="1" failures="0" timestamp="06 Jul 2020 15:07:57 GMT" time="16.590" errors="0">
  <testcase name="registerTest" time="16.590" classname="com.ebanking.Testcases.TC_Register_001"/>
</testsuite> <!-- com.ebanking.Testcases.TC_Register_001 -->
